[debug] [2022-06-12T19:03:05.595Z] ----------------------------------------------------------------------
[debug] [2022-06-12T19:03:05.622Z] Command:       E:\amazon\amazon-clone\node.exe C:\Users\Dell\AppData\Roaming\npm\node_modules\firebase-tools\lib\bin\firebase.js emulators:start
[debug] [2022-06-12T19:03:05.623Z] CLI Version:   11.0.1
[debug] [2022-06-12T19:03:05.623Z] Platform:      win32
[debug] [2022-06-12T19:03:05.623Z] Node Version:  v16.15.1
[debug] [2022-06-12T19:03:05.751Z] Time:          Mon Jun 13 2022 00:33:05 GMT+0530 (India Standard Time)
[debug] [2022-06-12T19:03:05.752Z] ----------------------------------------------------------------------
[debug] 
[debug] [2022-06-12T19:03:05.790Z] >>> [apiv2][query] GET https://firebase-public.firebaseio.com/cli.json [none]
[debug] [2022-06-12T19:03:06.064Z] > command requires scopes: ["email","openid","https://www.googleapis.com/auth/cloudplatformprojects.readonly","https://www.googleapis.com/auth/firebase","https://www.googleapis.com/auth/cloud-platform"]
[debug] [2022-06-12T19:03:06.064Z] > authorizing via signed-in user (arzank994@gmail.com)
[info] i  emulators: Starting emulators: functions, hosting {"metadata":{"emulator":{"name":"hub"},"message":"Starting emulators: functions, hosting"}}
[debug] [2022-06-12T19:03:06.200Z] [hub] writing locator at C:\Users\Dell\AppData\Local\Temp\hub-clone-a4bf9.json
[warn] !  functions: The following emulators are not running, calls to these services from the Functions emulator will affect production: auth, firestore, database, pubsub, storage {"metadata":{"emulator":{"name":"functions"},"message":"The following emulators are not running, calls to these services from the Functions emulator will affect production: \u001b[1mauth, firestore, database, pubsub, storage\u001b[22m"}}
[info] +  functions: Using node@16 from host. {"metadata":{"emulator":{"name":"functions"},"message":"Using node@16 from host."}}
[debug] [2022-06-12T19:03:06.434Z] defaultcredentials: writing to file C:\Users\Dell\AppData\Roaming\firebase\arzank994_gmail_com_application_default_credentials.json
[debug] [2022-06-12T19:03:06.445Z] Setting GAC to C:\Users\Dell\AppData\Roaming\firebase\arzank994_gmail_com_application_default_credentials.json {"metadata":{"emulator":{"name":"functions"},"message":"Setting GAC to C:\\Users\\Dell\\AppData\\Roaming\\firebase\\arzank994_gmail_com_application_default_credentials.json"}}
[debug] [2022-06-12T19:03:06.447Z] > refreshing access token with scopes: []
[debug] [2022-06-12T19:03:06.449Z] >>> HTTP REQUEST POST https://www.googleapis.com/oauth2/v3/token  
 <request body omitted>
[debug] [2022-06-12T19:03:06.684Z] <<< HTTP RESPONSE 200 {"date":"Sun, 12 Jun 2022 19:03:08 GMT","pragma":"no-cache","cache-control":"no-cache, no-store, max-age=0, must-revalidate","expires":"Mon, 01 Jan 1990 00:00:00 GMT","content-type":"application/json; charset=utf-8","vary":"X-Origin, Referer, Origin,Accept-Encoding","server":"scaffolding on HTTPServer2","x-xss-protection":"0","x-frame-options":"SAMEORIGIN","x-content-type-options":"nosniff","alt-svc":"h3=\":443\"; ma=2592000,h3-29=\":443\"; ma=2592000,h3-Q050=\":443\"; ma=2592000,h3-Q046=\":443\"; ma=2592000,h3-Q043=\":443\"; ma=2592000,quic=\":443\"; ma=2592000; v=\"46,43\"","accept-ranges":"none","transfer-encoding":"chunked"}
[debug] [2022-06-12T19:03:06.770Z] >>> [apiv2][query] GET https://firebase.googleapis.com/v1beta1/projects/clone-a4bf9/adminSdkConfig [none]
[debug] [2022-06-12T19:03:07.069Z] <<< [apiv2][status] GET https://firebase-public.firebaseio.com/cli.json 200
[debug] [2022-06-12T19:03:07.069Z] <<< [apiv2][body] GET https://firebase-public.firebaseio.com/cli.json {"cloudBuildErrorAfter":1594252800000,"cloudBuildWarnAfter":1590019200000,"defaultNode10After":1594252800000,"minVersion":"3.0.5","node8DeploysDisabledAfter":1613390400000,"node8RuntimeDisabledAfter":1615809600000,"node8WarnAfter":1600128000000}
[debug] [2022-06-12T19:03:07.481Z] <<< [apiv2][status] GET https://firebase.googleapis.com/v1beta1/projects/clone-a4bf9/adminSdkConfig 200
[debug] [2022-06-12T19:03:07.482Z] <<< [apiv2][body] GET https://firebase.googleapis.com/v1beta1/projects/clone-a4bf9/adminSdkConfig {"projectId":"clone-a4bf9","storageBucket":"clone-a4bf9.appspot.com"}
[debug] [2022-06-12T19:03:07.554Z] >>> [apiv2][query] GET https://firebasehosting.googleapis.com/v1beta1/projects/clone-a4bf9/sites 
[debug] [2022-06-12T19:03:09.406Z] <<< [apiv2][status] GET https://firebasehosting.googleapis.com/v1beta1/projects/clone-a4bf9/sites 200
[debug] [2022-06-12T19:03:09.407Z] <<< [apiv2][body] GET https://firebasehosting.googleapis.com/v1beta1/projects/clone-a4bf9/sites {"sites":[{"name":"projects/clone-a4bf9/sites/clone-a4bf9","defaultUrl":"https://clone-a4bf9.web.app","appId":"1:150366921500:web:934219f2ad53251d6950d9","type":"DEFAULT_SITE"}]}
[debug] [2022-06-12T19:03:09.408Z] >>> [apiv2][query] GET https://firebase.googleapis.com/v1beta1/projects/clone-a4bf9/webApps/1:150366921500:web:934219f2ad53251d6950d9/config [none]
[debug] [2022-06-12T19:03:10.953Z] <<< [apiv2][status] GET https://firebase.googleapis.com/v1beta1/projects/clone-a4bf9/webApps/1:150366921500:web:934219f2ad53251d6950d9/config 200
[debug] [2022-06-12T19:03:10.953Z] <<< [apiv2][body] GET https://firebase.googleapis.com/v1beta1/projects/clone-a4bf9/webApps/1:150366921500:web:934219f2ad53251d6950d9/config {"projectId":"clone-a4bf9","appId":"1:150366921500:web:934219f2ad53251d6950d9","storageBucket":"clone-a4bf9.appspot.com","apiKey":"AIzaSyDLFLu6RY9ArlTww_NPV_7Ws-N61FYGgnQ","authDomain":"clone-a4bf9.firebaseapp.com","messagingSenderId":"150366921500"}
[info] i  hosting: Serving hosting files from: build {"metadata":{"emulator":{"name":"hosting"},"message":"Serving hosting files from: \u001b[1mbuild\u001b[22m"}}
[info] +  hosting: Local server: http://localhost:5000 {"metadata":{"emulator":{"name":"hosting"},"message":"Local server: \u001b[4m\u001b[1mhttp://localhost:5000\u001b[22m\u001b[24m"}}
[debug] [2022-06-12T19:03:11.349Z] Ignoring unsupported arg: auto_download {"metadata":{"emulator":{"name":"ui"},"message":"Ignoring unsupported arg: auto_download"}}
[debug] [2022-06-12T19:03:11.350Z] Ignoring unsupported arg: port {"metadata":{"emulator":{"name":"ui"},"message":"Ignoring unsupported arg: port"}}
[debug] [2022-06-12T19:03:11.350Z] Starting Emulator UI with command {"binary":"node","args":["--dns-result-order=ipv4first","C:\\Users\\Dell\\.cache\\firebase\\emulators\\ui-v1.7.0\\server.bundle.js"],"optionalArgs":[],"joinArgs":false} {"metadata":{"emulator":{"name":"ui"},"message":"Starting Emulator UI with command {\"binary\":\"node\",\"args\":[\"--dns-result-order=ipv4first\",\"C:\\\\Users\\\\Dell\\\\.cache\\\\firebase\\\\emulators\\\\ui-v1.7.0\\\\server.bundle.js\"],\"optionalArgs\":[],\"joinArgs\":false}"}}
[info] i  ui: Emulator UI logging to ui-debug.log {"metadata":{"emulator":{"name":"ui"},"message":"Emulator UI logging to \u001b[1mui-debug.log\u001b[22m"}}
[debug] [2022-06-12T19:03:11.661Z] Web / API server started at localhost:4000
 {"metadata":{"emulator":{"name":"ui"},"message":"Web / API server started at localhost:4000\n"}}
[info] i  functions: Watching "E:\amazon\amazon-clone\functions" for Cloud Functions... {"metadata":{"emulator":{"name":"functions"},"message":"Watching \"E:\\amazon\\amazon-clone\\functions\" for Cloud Functions..."}}
[debug] [2022-06-12T19:03:11.884Z] Validating nodejs source
[debug] [2022-06-12T19:03:21.465Z] > [functions] package.json contents: {
  "name": "functions",
  "description": "Cloud Functions for Firebase",
  "scripts": {
    "lint": "eslint .",
    "serve": "firebase emulators:start --only functions",
    "shell": "firebase functions:shell",
    "start": "npm run shell",
    "deploy": "firebase deploy --only functions",
    "logs": "firebase functions:log"
  },
  "engines": {
    "node": "16"
  },
  "main": "index.js",
  "dependencies": {
    "firebase-admin": "^10.0.2",
    "firebase-functions": "^3.18.0",
    "stripe": "^9.8.0"
  },
  "devDependencies": {
    "eslint": "^8.9.0",
    "eslint-config-google": "^0.14.0",
    "firebase-functions-test": "^0.2.0"
  },
  "private": true
}
[debug] [2022-06-12T19:03:21.466Z] Building nodejs source
[debug] [2022-06-12T19:03:21.466Z] Analyzing nodejs backend spec
[debug] [2022-06-12T19:03:21.468Z] Could not find functions.yaml. Must use http discovery
[debug] [2022-06-12T19:03:24.621Z] Serving at port 9005

[debug] [2022-06-12T19:03:25.833Z] Got response from /__/functions.yaml {"endpoints":{"api":{"platform":"gcfv1","httpsTrigger":{},"entryPoint":"api"}},"specVersion":"v1alpha1","requiredAPIs":[]}
[debug] [2022-06-12T19:03:25.849Z] shutdown requested via /__/quitquitquit

[info] +  functions[us-central1-api]: http function initialized (http://localhost:5001/clone-a4bf9/us-central1/api). {"metadata":{"emulator":{"name":"functions"},"message":"\u001b[1mhttp\u001b[22m function initialized (http://localhost:5001/clone-a4bf9/us-central1/api)."}}
[info] 
┌─────────────────────────────────────────────────────────────┐
│ ✔  All emulators ready! It is now safe to connect your app. │
│ i  View Emulator UI at http://localhost:4000                │
└─────────────────────────────────────────────────────────────┘

┌───────────┬────────────────┬─────────────────────────────────┐
│ Emulator  │ Host:Port      │ View in Emulator UI             │
├───────────┼────────────────┼─────────────────────────────────┤
│ Functions │ localhost:5001 │ http://localhost:4000/functions │
├───────────┼────────────────┼─────────────────────────────────┤
│ Hosting   │ localhost:5000 │ n/a                             │
└───────────┴────────────────┴─────────────────────────────────┘
  Emulator Hub running at localhost:4400
  Other reserved ports: 4500

Issues? Report them at https://github.com/firebase/firebase-tools/issues and attach the *-debug.log files.
 
[debug] [2022-06-12T19:04:13.441Z] [work-queue] {"queueLength":1,"workRunningCount":0}
[debug] [2022-06-12T19:04:13.442Z] [work-queue] {"queueLength":0,"workRunningCount":1}
[debug] [2022-06-12T19:04:13.443Z] Accepted request GET /clone-a4bf9/us-central1/api --> us-central1-api
[debug] [2022-06-12T19:04:13.610Z] [worker-pool] addWorker(us-central1-api) {"metadata":{"emulator":{"name":"functions"},"message":"[worker-pool] addWorker(us-central1-api)"}}
[debug] [2022-06-12T19:04:13.610Z] [worker-pool] Adding worker with key us-central1-api, total=1 {"metadata":{"emulator":{"name":"functions"},"message":"[worker-pool] Adding worker with key us-central1-api, total=1"}}
[debug] [2022-06-12T19:04:13.611Z] [worker-pool] submitWork(triggerId=us-central1-api) {"metadata":{"emulator":{"name":"functions"},"message":"[worker-pool] submitWork(triggerId=us-central1-api)"}}
[debug] [2022-06-12T19:04:13.611Z] [worker-us-central1-api-d608f7ac-493d-4040-ad2a-35224bf9446a]: Assigning socketPath: \\?\pipe\E:\amazon\amazon-clone\functions\10272 {"metadata":{"emulator":{"name":"functions"},"message":"[worker-us-central1-api-d608f7ac-493d-4040-ad2a-35224bf9446a]: Assigning socketPath: \\\\?\\pipe\\E:\\amazon\\amazon-clone\\functions\\10272"}}
[debug] [2022-06-12T19:04:13.612Z] [worker-us-central1-api-d608f7ac-493d-4040-ad2a-35224bf9446a]: BUSY {"metadata":{"emulator":{"name":"functions"},"message":"[worker-us-central1-api-d608f7ac-493d-4040-ad2a-35224bf9446a]: BUSY"}}
[debug] [2022-06-12T19:04:15.942Z] [runtime-status] [10272] Functions runtime initialized. {"cwd":"E:\\amazon\\amazon-clone\\functions","node_version":"16.15.1"} {"metadata":{"emulator":{"name":"functions"},"function":{"name":"us-central1-api"},"extension":{},"message":"[runtime-status] [10272] Functions runtime initialized. {\"cwd\":\"E:\\\\amazon\\\\amazon-clone\\\\functions\",\"node_version\":\"16.15.1\"}"}}
[debug] [2022-06-12T19:04:15.944Z] [runtime-status] [10272] Disabled runtime features: undefined {"metadata":{"emulator":{"name":"functions"},"function":{"name":"us-central1-api"},"extension":{},"message":"[runtime-status] [10272] Disabled runtime features: undefined"}}
[debug] [2022-06-12T19:04:15.950Z] [runtime-status] [10272] Resolved module firebase-admin {"declared":true,"installed":true,"version":"10.3.0","resolution":"E:\\amazon\\amazon-clone\\functions\\node_modules\\firebase-admin\\lib\\index.js"} {"metadata":{"emulator":{"name":"functions"},"function":{"name":"us-central1-api"},"extension":{},"message":"[runtime-status] [10272] Resolved module firebase-admin {\"declared\":true,\"installed\":true,\"version\":\"10.3.0\",\"resolution\":\"E:\\\\amazon\\\\amazon-clone\\\\functions\\\\node_modules\\\\firebase-admin\\\\lib\\\\index.js\"}"}}
[debug] [2022-06-12T19:04:15.952Z] [runtime-status] [10272] Resolved module firebase-functions {"declared":true,"installed":true,"version":"3.21.2","resolution":"E:\\amazon\\amazon-clone\\functions\\node_modules\\firebase-functions\\lib\\index.js"} {"metadata":{"emulator":{"name":"functions"},"function":{"name":"us-central1-api"},"extension":{},"message":"[runtime-status] [10272] Resolved module firebase-functions {\"declared\":true,\"installed\":true,\"version\":\"3.21.2\",\"resolution\":\"E:\\\\amazon\\\\amazon-clone\\\\functions\\\\node_modules\\\\firebase-functions\\\\lib\\\\index.js\"}"}}
[debug] [2022-06-12T19:04:15.953Z] [runtime-status] [10272] Outgoing network have been stubbed. [{"name":"http","status":"mocked"},{"name":"http","status":"mocked"},{"name":"https","status":"mocked"},{"name":"https","status":"mocked"},{"name":"net","status":"mocked"}] {"metadata":{"emulator":{"name":"functions"},"function":{"name":"us-central1-api"},"extension":{},"message":"[runtime-status] [10272] Outgoing network have been stubbed. [{\"name\":\"http\",\"status\":\"mocked\"},{\"name\":\"http\",\"status\":\"mocked\"},{\"name\":\"https\",\"status\":\"mocked\"},{\"name\":\"https\",\"status\":\"mocked\"},{\"name\":\"net\",\"status\":\"mocked\"}]"}}
[debug] [2022-06-12T19:04:15.955Z] [runtime-status] [10272] Resolved module firebase-functions {"declared":true,"installed":true,"version":"3.21.2","resolution":"E:\\amazon\\amazon-clone\\functions\\node_modules\\firebase-functions\\lib\\index.js"} {"metadata":{"emulator":{"name":"functions"},"function":{"name":"us-central1-api"},"extension":{},"message":"[runtime-status] [10272] Resolved module firebase-functions {\"declared\":true,\"installed\":true,\"version\":\"3.21.2\",\"resolution\":\"E:\\\\amazon\\\\amazon-clone\\\\functions\\\\node_modules\\\\firebase-functions\\\\lib\\\\index.js\"}"}}
[debug] [2022-06-12T19:04:16.049Z] [runtime-status] [10272] Checked functions.config() {"config":{}} {"metadata":{"emulator":{"name":"functions"},"function":{"name":"us-central1-api"},"extension":{},"message":"[runtime-status] [10272] Checked functions.config() {\"config\":{}}"}}
[debug] [2022-06-12T19:04:16.050Z] [runtime-status] [10272] firebase-functions has been stubbed. {"functionsResolution":{"declared":true,"installed":true,"version":"3.21.2","resolution":"E:\\amazon\\amazon-clone\\functions\\node_modules\\firebase-functions\\lib\\index.js"}} {"metadata":{"emulator":{"name":"functions"},"function":{"name":"us-central1-api"},"extension":{},"message":"[runtime-status] [10272] firebase-functions has been stubbed. {\"functionsResolution\":{\"declared\":true,\"installed\":true,\"version\":\"3.21.2\",\"resolution\":\"E:\\\\amazon\\\\amazon-clone\\\\functions\\\\node_modules\\\\firebase-functions\\\\lib\\\\index.js\"}}"}}
[debug] [2022-06-12T19:04:16.052Z] [runtime-status] [10272] Resolved module firebase-functions {"declared":true,"installed":true,"version":"3.21.2","resolution":"E:\\amazon\\amazon-clone\\functions\\node_modules\\firebase-functions\\lib\\index.js"} {"metadata":{"emulator":{"name":"functions"},"function":{"name":"us-central1-api"},"extension":{},"message":"[runtime-status] [10272] Resolved module firebase-functions {\"declared\":true,\"installed\":true,\"version\":\"3.21.2\",\"resolution\":\"E:\\\\amazon\\\\amazon-clone\\\\functions\\\\node_modules\\\\firebase-functions\\\\lib\\\\index.js\"}"}}
[debug] [2022-06-12T19:04:16.054Z] [runtime-status] [10272] Resolved module firebase-admin {"declared":true,"installed":true,"version":"10.3.0","resolution":"E:\\amazon\\amazon-clone\\functions\\node_modules\\firebase-admin\\lib\\index.js"} {"metadata":{"emulator":{"name":"functions"},"function":{"name":"us-central1-api"},"extension":{},"message":"[runtime-status] [10272] Resolved module firebase-admin {\"declared\":true,\"installed\":true,\"version\":\"10.3.0\",\"resolution\":\"E:\\\\amazon\\\\amazon-clone\\\\functions\\\\node_modules\\\\firebase-admin\\\\lib\\\\index.js\"}"}}
[debug] [2022-06-12T19:04:16.056Z] [runtime-status] [10272] Resolved module firebase-functions {"declared":true,"installed":true,"version":"3.21.2","resolution":"E:\\amazon\\amazon-clone\\functions\\node_modules\\firebase-functions\\lib\\index.js"} {"metadata":{"emulator":{"name":"functions"},"function":{"name":"us-central1-api"},"extension":{},"message":"[runtime-status] [10272] Resolved module firebase-functions {\"declared\":true,\"installed\":true,\"version\":\"3.21.2\",\"resolution\":\"E:\\\\amazon\\\\amazon-clone\\\\functions\\\\node_modules\\\\firebase-functions\\\\lib\\\\index.js\"}"}}
[debug] [2022-06-12T19:04:16.056Z] [runtime-status] [10272] firebase-admin has been stubbed. {"adminResolution":{"declared":true,"installed":true,"version":"10.3.0","resolution":"E:\\amazon\\amazon-clone\\functions\\node_modules\\firebase-admin\\lib\\index.js"}} {"metadata":{"emulator":{"name":"functions"},"function":{"name":"us-central1-api"},"extension":{},"message":"[runtime-status] [10272] firebase-admin has been stubbed. {\"adminResolution\":{\"declared\":true,\"installed\":true,\"version\":\"10.3.0\",\"resolution\":\"E:\\\\amazon\\\\amazon-clone\\\\functions\\\\node_modules\\\\firebase-admin\\\\lib\\\\index.js\"}}"}}
[debug] [2022-06-12T19:04:16.290Z] [runtime-status] [10272] Beginning invocation function api! {"metadata":{"emulator":{"name":"functions"},"function":{"name":"us-central1-api"},"extension":{},"message":"[runtime-status] [10272] Beginning invocation function api!"}}
[info] i  functions: Beginning execution of "api" {"metadata":{"emulator":{"name":"functions"},"function":{"name":"us-central1-api"},"extension":{},"message":"Beginning execution of \"api\""}}
[debug] [2022-06-12T19:04:16.292Z] [runtime-status] [10272] Running api in signature http {"metadata":{"emulator":{"name":"functions"},"function":{"name":"us-central1-api"},"extension":{},"message":"[runtime-status] [10272] Running api in signature http"}}
[debug] [2022-06-12T19:04:16.298Z] [runtime-status] [10272] Attempting to listen to socketPath: \\?\pipe\E:\amazon\amazon-clone\functions\10272 {"metadata":{"emulator":{"name":"functions"},"function":{"name":"us-central1-api"},"extension":{},"message":"[runtime-status] [10272] Attempting to listen to socketPath: \\\\?\\pipe\\E:\\amazon\\amazon-clone\\functions\\10272"}}
[debug] [2022-06-12T19:04:16.307Z] [functions] Runtime ready! Sending request! {"metadata":{"emulator":{"name":"functions"},"message":"[functions] Runtime ready! Sending request!"}}
[debug] [2022-06-12T19:04:16.308Z] [functions] Got req.url=/clone-a4bf9/us-central1/api, mapping to path=/ {"metadata":{"emulator":{"name":"functions"},"message":"[functions] Got req.url=/clone-a4bf9/us-central1/api, mapping to path=/"}}
[debug] [2022-06-12T19:04:16.345Z] [runtime-status] [10272] Ephemeral server handling GET request {"metadata":{"emulator":{"name":"functions"},"function":{"name":"us-central1-api"},"extension":{},"message":"[runtime-status] [10272] Ephemeral server handling GET request"}}
[debug] [2022-06-12T19:04:16.356Z] [runtime-status] [10272] Ephemeral server survived. {"metadata":{"emulator":{"name":"functions"},"function":{"name":"us-central1-api"},"extension":{},"message":"[runtime-status] [10272] Ephemeral server survived."}}
[info] i  functions: Finished "api" in ~1s {"metadata":{"emulator":{"name":"functions"},"function":{"name":"us-central1-api"},"extension":{},"message":"Finished \"api\" in ~1s"}}
[debug] [2022-06-12T19:04:16.368Z] [worker-us-central1-api-d608f7ac-493d-4040-ad2a-35224bf9446a]: IDLE {"metadata":{"emulator":{"name":"functions"},"message":"[worker-us-central1-api-d608f7ac-493d-4040-ad2a-35224bf9446a]: IDLE"}}
[debug] [2022-06-12T19:04:16.368Z] [work-queue] {"queueLength":0,"workRunningCount":0}
[debug] [2022-06-12T19:04:16.444Z] Functions emulator received unknown request at path /favicon.ico
[debug] [2022-06-12T19:09:03.651Z] File E:\amazon\amazon-clone\functions\index.js changed, reloading triggers {"metadata":{"emulator":{"name":"functions"},"message":"File E:\\amazon\\amazon-clone\\functions\\index.js changed, reloading triggers"}}
