[debug] [2022-06-05T13:00:17.457Z] ----------------------------------------------------------------------
[debug] [2022-06-05T13:00:17.484Z] Command:       C:\Program Files\nodejs\node.exe C:\Users\Dell\AppData\Roaming\npm\node_modules\firebase-tools\lib\bin\firebase.js init
[debug] [2022-06-05T13:00:17.485Z] CLI Version:   10.0.1
[debug] [2022-06-05T13:00:17.485Z] Platform:      win32
[debug] [2022-06-05T13:00:17.485Z] Node Version:  v14.15.4
[debug] [2022-06-05T13:00:17.729Z] Time:          Sun Jun 05 2022 18:30:17 GMT+0530 (India Standard Time)
[debug] [2022-06-05T13:00:17.730Z] ----------------------------------------------------------------------
[debug] 
[debug] [2022-06-05T13:00:17.804Z] >>> [apiv2][query] GET https://firebase-public.firebaseio.com/cli.json [none]
[debug] [2022-06-05T13:00:18.380Z] > command requires scopes: ["email","openid","https://www.googleapis.com/auth/cloudplatformprojects.readonly","https://www.googleapis.com/auth/firebase","https://www.googleapis.com/auth/cloud-platform"]
[debug] [2022-06-05T13:00:18.380Z] > authorizing via signed-in user (arzank994@gmail.com)
[info] 
     ######## #### ########  ######## ########     ###     ######  ########
     ##        ##  ##     ## ##       ##     ##  ##   ##  ##       ##
     ######    ##  ########  ######   ########  #########  ######  ######
     ##        ##  ##    ##  ##       ##     ## ##     ##       ## ##
     ##       #### ##     ## ######## ########  ##     ##  ######  ########

You're about to initialize a Firebase project in this directory:

  E:\amazon\amazon-clone

Before we get started, keep in mind:

  * You are initializing within an existing Firebase project directory

[debug] [2022-06-05T13:02:35.288Z] <<< [apiv2][status] GET https://firebase-public.firebaseio.com/cli.json 200
[debug] [2022-06-05T13:02:35.289Z] <<< [apiv2][body] GET https://firebase-public.firebaseio.com/cli.json {"cloudBuildErrorAfter":1594252800000,"cloudBuildWarnAfter":1590019200000,"defaultNode10After":1594252800000,"minVersion":"3.0.5","node8DeploysDisabledAfter":1613390400000,"node8RuntimeDisabledAfter":1615809600000,"node8WarnAfter":1600128000000}
